<?xml version="1.0" encoding="UTF-8"?>
<testng-results ignored="0" total="4" passed="4" failed="0" skipped="0">
  <reporter-output>
  </reporter-output>
  <suite started-at="2023-10-07T12:21:05 IST" name="Surefire suite" finished-at="2023-10-07T12:21:11 IST" duration-ms="6173">
    <groups>
      <group name="cucumber">
        <method signature="AbstractTestNGCucumberTests.runScenario(io.cucumber.testng.PickleWrapper,io.cucumber.testng.FeatureWrapper)[pri:0, instance:runner.runTest@14bdbc74]" name="runScenario" class="io.cucumber.testng.AbstractTestNGCucumberTests"/>
      </group> <!-- cucumber -->
    </groups>
    <test started-at="2023-10-07T12:21:05 IST" name="Surefire test" finished-at="2023-10-07T12:21:11 IST" duration-ms="6173">
      <class name="runner.runTest">
        <test-method is-config="true" signature="setUpClass(org.testng.ITestContext)[pri:0, instance:runner.runTest@14bdbc74]" started-at="2023-10-07T12:21:05 IST" name="setUpClass" finished-at="2023-10-07T12:21:06 IST" duration-ms="221" status="PASS">
          <params>
            <param index="0">
              <value>
                <![CDATA[org.testng.TestRunner@29b8df5]]>
              </value>
            </param>
          </params>
          <reporter-output>
          </reporter-output>
        </test-method> <!-- setUpClass -->
        <test-method signature="runScenario(io.cucumber.testng.PickleWrapper,io.cucumber.testng.FeatureWrapper)[pri:0, instance:runner.runTest@14bdbc74]" started-at="2023-10-07T12:21:06 IST" name="runScenario" description="Runs Cucumber Scenarios" data-provider="scenarios" finished-at="2023-10-07T12:21:08 IST" duration-ms="2154" status="PASS">
          <params>
            <param index="0">
              <value>
                <![CDATA["Jira issue managemnet"]]>
              </value>
            </param>
            <param index="1">
              <value>
                <![CDATA["Jira Issue Traker"]]>
              </value>
            </param>
          </params>
          <reporter-output>
          </reporter-output>
        </test-method> <!-- runScenario -->
        <test-method signature="runScenario(io.cucumber.testng.PickleWrapper,io.cucumber.testng.FeatureWrapper)[pri:0, instance:runner.runTest@14bdbc74]" started-at="2023-10-07T12:21:08 IST" name="runScenario" description="Runs Cucumber Scenarios" data-provider="scenarios" finished-at="2023-10-07T12:21:08 IST" duration-ms="666" status="PASS">
          <params>
            <param index="0">
              <value>
                <![CDATA["update the issue"]]>
              </value>
            </param>
            <param index="1">
              <value>
                <![CDATA["Jira Issue Traker"]]>
              </value>
            </param>
          </params>
          <reporter-output>
          </reporter-output>
        </test-method> <!-- runScenario -->
        <test-method signature="runScenario(io.cucumber.testng.PickleWrapper,io.cucumber.testng.FeatureWrapper)[pri:0, instance:runner.runTest@14bdbc74]" started-at="2023-10-07T12:21:08 IST" name="runScenario" description="Runs Cucumber Scenarios" data-provider="scenarios" finished-at="2023-10-07T12:21:09 IST" duration-ms="649" status="PASS">
          <params>
            <param index="0">
              <value>
                <![CDATA["Get the Ticket Details to verify the update details"]]>
              </value>
            </param>
            <param index="1">
              <value>
                <![CDATA["Jira Issue Traker"]]>
              </value>
            </param>
          </params>
          <reporter-output>
          </reporter-output>
        </test-method> <!-- runScenario -->
        <test-method signature="runScenario(io.cucumber.testng.PickleWrapper,io.cucumber.testng.FeatureWrapper)[pri:0, instance:runner.runTest@14bdbc74]" started-at="2023-10-07T12:21:09 IST" name="runScenario" description="Runs Cucumber Scenarios" data-provider="scenarios" finished-at="2023-10-07T12:21:10 IST" duration-ms="991" status="PASS">
          <params>
            <param index="0">
              <value>
                <![CDATA["delete the ticket"]]>
              </value>
            </param>
            <param index="1">
              <value>
                <![CDATA["Jira Issue Traker"]]>
              </value>
            </param>
          </params>
          <reporter-output>
          </reporter-output>
        </test-method> <!-- runScenario -->
        <test-method is-config="true" signature="tearDownClass()[pri:0, instance:runner.runTest@14bdbc74]" started-at="2023-10-07T12:21:10 IST" name="tearDownClass" finished-at="2023-10-07T12:21:11 IST" duration-ms="1474" status="PASS">
          <reporter-output>
          </reporter-output>
        </test-method> <!-- tearDownClass -->
      </class> <!-- runner.runTest -->
    </test> <!-- Surefire test -->
  </suite> <!-- Surefire suite -->
</testng-results>
